SF:lib/modules/tools/flashlight.dart
DA:21,1
DA:22,3
DA:25,2
DA:29,2
DA:33,2
DA:52,1
DA:53,2
DA:54,1
DA:57,2
DA:59,0
DA:62,1
DA:66,1
DA:67,1
DA:68,1
DA:70,0
DA:74,0
DA:77,1
DA:80,1
DA:81,1
DA:82,1
DA:83,1
DA:84,1
DA:85,1
DA:89,1
DA:90,1
DA:92,1
DA:93,1
DA:94,1
DA:96,1
DA:97,1
DA:98,1
DA:100,1
DA:101,1
DA:103,1
DA:107,1
DA:110,1
DA:111,2
DA:112,1
DA:113,2
DA:114,1
DA:115,0
DA:116,0
DA:120,4
DA:121,2
DA:122,0
DA:123,0
DA:124,0
DA:129,1
DA:130,1
DA:133,1
DA:135,1
DA:139,0
DA:140,0
DA:141,0
DA:146,1
DA:147,2
DA:148,1
DA:157,0
DA:159,0
DA:160,0
DA:169,0
DA:171,0
DA:172,0
DA:173,0
DA:176,0
DA:177,0
DA:178,0
DA:180,0
DA:181,0
DA:182,0
DA:187,0
DA:189,0
DA:190,0
DA:191,0
DA:192,0
DA:195,0
DA:196,0
DA:197,0
DA:198,0
DA:199,0
DA:202,0
DA:203,0
DA:204,0
DA:206,0
DA:207,0
DA:208,0
DA:209,0
DA:210,0
DA:211,0
DA:212,0
DA:213,0
DA:218,0
DA:220,0
DA:223,0
DA:224,0
DA:225,0
DA:226,0
DA:228,0
DA:230,0
DA:231,0
DA:232,0
DA:234,0
DA:241,0
DA:242,0
DA:247,0
DA:248,0
DA:255,0
DA:256,0
DA:257,0
DA:258,0
DA:260,0
DA:262,0
DA:263,0
DA:267,0
DA:269,0
DA:282,0
DA:286,0
DA:287,0
DA:288,0
DA:291,0
DA:293,0
DA:295,0
DA:296,0
DA:305,0
DA:309,0
DA:310,0
DA:313,0
DA:314,0
DA:317,0
DA:319,0
DA:324,0
DA:326,0
DA:328,0
DA:332,0
DA:333,0
DA:336,0
DA:340,0
DA:342,0
DA:343,0
DA:344,0
DA:348,0
DA:352,0
DA:353,0
DA:365,0
DA:366,0
DA:367,0
DA:370,0
DA:371,0
DA:382,0
DA:398,0
DA:400,0
DA:401,0
DA:403,0
DA:404,0
DA:405,0
DA:406,0
DA:407,0
DA:408,0
DA:410,0
DA:412,0
DA:414,0
DA:415,0
DA:417,0
DA:419,0
DA:421,0
DA:424,0
DA:426,0
DA:427,0
DA:428,0
DA:429,0
DA:431,0
DA:432,0
DA:433,0
DA:434,0
DA:441,0
DA:442,0
DA:443,0
DA:444,0
DA:448,0
DA:449,0
DA:450,0
DA:451,0
DA:453,0
LF:183
LH:46
end_of_record
SF:lib/modules/tools/compass.dart
DA:17,0
DA:18,0
DA:21,0
DA:23,1
DA:24,1
DA:25,1
DA:27,1
DA:30,1
DA:31,1
DA:32,1
DA:34,2
DA:35,3
DA:36,2
DA:37,2
DA:39,4
DA:40,5
DA:41,3
DA:44,1
DA:46,5
DA:47,1
DA:58,1
DA:66,3
DA:70,1
DA:71,0
DA:81,3
DA:84,0
DA:87,0
DA:97,0
DA:98,0
DA:99,0
DA:100,0
DA:102,0
DA:106,0
DA:109,0
DA:113,0
DA:114,0
DA:115,0
DA:120,0
DA:124,0
DA:125,0
DA:126,0
DA:127,0
DA:128,0
DA:129,0
DA:130,0
DA:131,0
DA:132,0
DA:135,0
DA:138,0
DA:141,0
DA:142,0
DA:143,0
DA:148,0
DA:149,0
DA:152,0
DA:153,0
DA:154,0
DA:155,0
DA:157,0
DA:162,0
DA:163,0
DA:164,0
DA:168,0
DA:169,0
DA:170,0
DA:173,0
DA:174,0
DA:175,0
DA:176,0
DA:177,0
DA:178,0
DA:179,0
DA:180,0
DA:181,0
DA:182,0
DA:183,0
DA:189,1
DA:195,1
DA:196,1
DA:199,2
DA:200,5
DA:202,1
DA:203,2
DA:204,3
DA:206,3
DA:209,1
DA:213,1
DA:214,1
DA:215,1
DA:216,1
DA:217,1
DA:218,1
DA:219,2
DA:220,1
DA:223,1
DA:225,1
DA:226,2
DA:227,1
DA:233,0
DA:235,0
DA:236,0
DA:249,0
DA:251,0
DA:252,0
DA:253,0
DA:256,0
DA:257,0
DA:260,0
DA:261,0
DA:263,0
DA:264,0
DA:266,0
DA:267,0
DA:271,0
DA:272,0
DA:273,0
DA:276,0
DA:278,0
DA:279,0
DA:280,0
DA:281,0
DA:284,0
DA:286,0
DA:288,0
DA:290,0
DA:291,0
DA:294,0
DA:296,0
DA:298,0
DA:299,0
DA:300,0
DA:302,0
DA:307,0
DA:309,0
DA:312,0
DA:314,0
DA:323,0
DA:324,0
DA:325,0
DA:326,0
DA:331,0
DA:332,0
DA:334,0
DA:336,0
DA:337,0
DA:339,0
DA:341,0
DA:347,0
DA:348,0
DA:361,0
DA:362,0
DA:369,0
DA:372,0
DA:380,0
DA:382,0
DA:383,0
DA:386,0
DA:387,0
DA:388,0
DA:389,0
DA:390,0
DA:393,0
DA:394,0
DA:395,0
DA:396,0
DA:398,0
DA:399,0
DA:400,0
DA:402,0
DA:403,0
DA:404,0
DA:406,0
DA:407,0
DA:408,0
DA:410,0
DA:420,0
DA:421,0
DA:422,0
DA:423,0
DA:424,0
DA:426,0
DA:427,0
DA:429,0
DA:436,0
DA:437,0
DA:441,0
LF:186
LH:43
end_of_record
